<?xml version="1.0" encoding="UTF-8"?>
<!-- Generated by org.testng.reporters.JUnitXMLReporter -->
<testsuite hostname="DESKTOP-UVOT0L1" ignored="0" name="CreateLead Test" tests="4" failures="0" timestamp="2022-09-30T10:01:50 PDT" time="107.411" errors="0">
  <testcase name="runCreateLead" time="13.833" classname="com.leaftaps.ui.leads.testcases.CreateLead"/>
  <testcase name="runCreateLead" time="12.04" classname="com.leaftaps.ui.leads.testcases.CreateLead"/>
  <testcase name="runDeleteLead" time="15.153" classname="com.leaftaps.ui.leads.testcases.DeleteLead"/>
  <testcase name="runEditLead" time="17.479" classname="com.leaftaps.ui.leads.testcases.EditLead"/>
</testsuite> <!-- CreateLead Test -->
