<?xml version="1.0" encoding="UTF-8"?>
<!-- Generated by org.testng.reporters.JUnitXMLReporter -->
<testsuite hostname="DESKTOP-UVOT0L1" ignored="0" name="mozilla test" tests="2" failures="0" timestamp="2022-09-28T02:46:15 PDT" time="142.885" errors="0">
  <testcase name="runEditLead" time="87.807" classname="com.servicenow.ui.testcases.EditIncident"/>
  <testcase name="runDeleteLead" time="109.196" classname="com.servicenow.ui.testcases.DeleteIncident"/>
</testsuite> <!-- mozilla test -->
