<?xml version="1.0" encoding="UTF-8"?>
<!-- Generated by org.testng.reporters.JUnitXMLReporter -->
<testsuite hostname="DESKTOP-UVOT0L1" ignored="0" name="Test" tests="3" failures="0" timestamp="2022-09-28T02:24:27 PDT" time="366.134" errors="0">
  <testcase name="runCreateLead" time="125.393" classname="com.servicenow.ui.testcases.CreateIncident"/>
  <testcase name="runEditLead" time="85.555" classname="com.servicenow.ui.testcases.EditIncident"/>
  <testcase name="runDeleteLead" time="106.169" classname="com.servicenow.ui.testcases.DeleteIncident"/>
</testsuite> <!-- Test -->
